0 info it worked if it ends with ok
1 verbose cli [ 'D:\\Program Files\\nodejs\\node.exe',
1 verbose cli   'D:\\Program Files\\nodejs\\node_modules\\npm\\bin\\npm-cli.js',
1 verbose cli   'install',
1 verbose cli   '@types/jquery@2.2.2',
1 verbose cli   '--save' ]
2 info using npm@3.10.10
3 info using node@v6.10.2
4 silly loadCurrentTree Starting
5 silly install loadCurrentTree
6 silly install readLocalPackageData
7 silly fetchPackageMetaData @types/jquery@2.2.2
8 silly fetchNamedPackageData @types/jquery
9 silly mapToRegistry name @types/jquery
10 silly mapToRegistry scope (from package name) @types
11 verbose mapToRegistry no registry URL found in name for scope @types
12 silly mapToRegistry using default registry
13 silly mapToRegistry registry http://registry.npm.taobao.org/
14 silly mapToRegistry data Result {
14 silly mapToRegistry   raw: '@types/jquery',
14 silly mapToRegistry   scope: '@types',
14 silly mapToRegistry   escapedName: '@types%2fjquery',
14 silly mapToRegistry   name: '@types/jquery',
14 silly mapToRegistry   rawSpec: '',
14 silly mapToRegistry   spec: 'latest',
14 silly mapToRegistry   type: 'tag' }
15 silly mapToRegistry uri http://registry.npm.taobao.org/@types%2fjquery
16 verbose request uri http://registry.npm.taobao.org/@types%2fjquery
17 verbose request no auth needed
18 info attempt registry request try #1 at 10:43:55
19 verbose request id 93793300b57fd9c3
20 http request GET http://registry.npm.taobao.org/@types%2fjquery
21 http 200 http://registry.npm.taobao.org/@types%2fjquery
22 verbose headers { server: 'nginx/1.4.6 (Ubuntu)',
22 verbose headers   date: 'Thu, 11 Jan 2018 02:43:55 GMT',
22 verbose headers   'content-type': 'application/json; charset=utf-8',
22 verbose headers   'transfer-encoding': 'chunked',
22 verbose headers   connection: 'keep-alive',
22 verbose headers   'x-current-requests': '1',
22 verbose headers   'x-readtime': '36',
22 verbose headers   'content-encoding': 'gzip' }
23 silly get cb [ 200,
23 silly get   { server: 'nginx/1.4.6 (Ubuntu)',
23 silly get     date: 'Thu, 11 Jan 2018 02:43:55 GMT',
23 silly get     'content-type': 'application/json; charset=utf-8',
23 silly get     'transfer-encoding': 'chunked',
23 silly get     connection: 'keep-alive',
23 silly get     'x-current-requests': '1',
23 silly get     'x-readtime': '36',
23 silly get     'content-encoding': 'gzip' } ]
24 verbose get saving @types/jquery to C:\Users\lvyang1\AppData\Roaming\npm-cache\registry.npm.taobao.org\_40types_252fjquery\.cache.json
25 verbose correctMkdir C:\Users\lvyang1\AppData\Roaming\npm-cache correctMkdir not in flight; initializing
26 silly fetchPackageMetaData Error: No compatible version found: @types/jquery@2.2.2
26 silly fetchPackageMetaData Valid install targets:
26 silly fetchPackageMetaData 3.2.17, 3.2.16, 3.2.15, 3.2.14, 3.2.13, 3.2.12, 3.2.11, 3.2.10, 3.2.9, 3.2.8, 3.2.7, 3.2.6, 3.2.5, 3.2.4, 3.2.3, 3.2.2, 3.2.1, 3.2.0, 2.0.48, 2.0.47, 2.0.46, 2.0.45, 2.0.44, 2.0.43, 2.0.42, 2.0.41, 2.0.40, 2.0.39, 2.0.38, 2.0.37, 2.0.36, 2.0.35, 2.0.34, 2.0.33, 2.0.32, 1.10.33, 1.10.32, 1.10.31, 1.10.30, 1.10.29, 1.10.28, 1.10.27, 1.10.26-alpha, 1.10.25-alpha, 1.10.24-alpha, 1.10.23-alpha, 1.10.22-alpha, 1.10.21-alpha, 1.10.20-alpha, 1.10.15-alpha, 1.10.14-alpha, 1.10.8-alpha
26 silly fetchPackageMetaData
26 silly fetchPackageMetaData     at pickVersionFromRegistryDocument (D:\Program Files\nodejs\node_modules\npm\lib\fetch-package-metadata.js:178:16)
26 silly fetchPackageMetaData     at D:\Program Files\nodejs\node_modules\npm\node_modules\iferr\index.js:13:50
26 silly fetchPackageMetaData     at D:\Program Files\nodejs\node_modules\npm\lib\utils\pulse-till-done.js:20:8
26 silly fetchPackageMetaData     at saved (D:\Program Files\nodejs\node_modules\npm\lib\cache\caching-client.js:174:7)
26 silly fetchPackageMetaData     at D:\Program Files\nodejs\node_modules\npm\node_modules\graceful-fs\polyfills.js:241:18
26 silly fetchPackageMetaData     at FSReqWrap.oncomplete (fs.js:123:15)
26 silly fetchPackageMetaData  error for @types/jquery@2.2.2 { Error: No compatible version found: @types/jquery@2.2.2
26 silly fetchPackageMetaData Valid install targets:
26 silly fetchPackageMetaData 3.2.17, 3.2.16, 3.2.15, 3.2.14, 3.2.13, 3.2.12, 3.2.11, 3.2.10, 3.2.9, 3.2.8, 3.2.7, 3.2.6, 3.2.5, 3.2.4, 3.2.3, 3.2.2, 3.2.1, 3.2.0, 2.0.48, 2.0.47, 2.0.46, 2.0.45, 2.0.44, 2.0.43, 2.0.42, 2.0.41, 2.0.40, 2.0.39, 2.0.38, 2.0.37, 2.0.36, 2.0.35, 2.0.34, 2.0.33, 2.0.32, 1.10.33, 1.10.32, 1.10.31, 1.10.30, 1.10.29, 1.10.28, 1.10.27, 1.10.26-alpha, 1.10.25-alpha, 1.10.24-alpha, 1.10.23-alpha, 1.10.22-alpha, 1.10.21-alpha, 1.10.20-alpha, 1.10.15-alpha, 1.10.14-alpha, 1.10.8-alpha
26 silly fetchPackageMetaData
26 silly fetchPackageMetaData     at pickVersionFromRegistryDocument (D:\Program Files\nodejs\node_modules\npm\lib\fetch-package-metadata.js:178:16)
26 silly fetchPackageMetaData     at D:\Program Files\nodejs\node_modules\npm\node_modules\iferr\index.js:13:50
26 silly fetchPackageMetaData     at D:\Program Files\nodejs\node_modules\npm\lib\utils\pulse-till-done.js:20:8
26 silly fetchPackageMetaData     at saved (D:\Program Files\nodejs\node_modules\npm\lib\cache\caching-client.js:174:7)
26 silly fetchPackageMetaData     at D:\Program Files\nodejs\node_modules\npm\node_modules\graceful-fs\polyfills.js:241:18
26 silly fetchPackageMetaData     at FSReqWrap.oncomplete (fs.js:123:15) code: 'ETARGET' }
27 silly rollbackFailedOptional Starting
28 silly rollbackFailedOptional Finishing
29 silly runTopLevelLifecycles Finishing
30 silly install printInstalled
31 verbose stack Error: No compatible version found: @types/jquery@2.2.2
31 verbose stack Valid install targets:
31 verbose stack 3.2.17, 3.2.16, 3.2.15, 3.2.14, 3.2.13, 3.2.12, 3.2.11, 3.2.10, 3.2.9, 3.2.8, 3.2.7, 3.2.6, 3.2.5, 3.2.4, 3.2.3, 3.2.2, 3.2.1, 3.2.0, 2.0.48, 2.0.47, 2.0.46, 2.0.45, 2.0.44, 2.0.43, 2.0.42, 2.0.41, 2.0.40, 2.0.39, 2.0.38, 2.0.37, 2.0.36, 2.0.35, 2.0.34, 2.0.33, 2.0.32, 1.10.33, 1.10.32, 1.10.31, 1.10.30, 1.10.29, 1.10.28, 1.10.27, 1.10.26-alpha, 1.10.25-alpha, 1.10.24-alpha, 1.10.23-alpha, 1.10.22-alpha, 1.10.21-alpha, 1.10.20-alpha, 1.10.15-alpha, 1.10.14-alpha, 1.10.8-alpha
31 verbose stack
31 verbose stack     at pickVersionFromRegistryDocument (D:\Program Files\nodejs\node_modules\npm\lib\fetch-package-metadata.js:178:16)
31 verbose stack     at D:\Program Files\nodejs\node_modules\npm\node_modules\iferr\index.js:13:50
31 verbose stack     at D:\Program Files\nodejs\node_modules\npm\lib\utils\pulse-till-done.js:20:8
31 verbose stack     at saved (D:\Program Files\nodejs\node_modules\npm\lib\cache\caching-client.js:174:7)
31 verbose stack     at D:\Program Files\nodejs\node_modules\npm\node_modules\graceful-fs\polyfills.js:241:18
31 verbose stack     at FSReqWrap.oncomplete (fs.js:123:15)
32 verbose cwd E:\ws\blade\ws\ts_learning
33 error Windows_NT 6.1.7601
34 error argv "D:\\Program Files\\nodejs\\node.exe" "D:\\Program Files\\nodejs\\node_modules\\npm\\bin\\npm-cli.js" "install" "@types/jquery@2.2.2" "--save"
35 error node v6.10.2
36 error npm  v3.10.10
37 error code ETARGET
38 error notarget No compatible version found: @types/jquery@2.2.2
38 error notarget Valid install targets:
38 error notarget 3.2.17, 3.2.16, 3.2.15, 3.2.14, 3.2.13, 3.2.12, 3.2.11, 3.2.10, 3.2.9, 3.2.8, 3.2.7, 3.2.6, 3.2.5, 3.2.4, 3.2.3, 3.2.2, 3.2.1, 3.2.0, 2.0.48, 2.0.47, 2.0.46, 2.0.45, 2.0.44, 2.0.43, 2.0.42, 2.0.41, 2.0.40, 2.0.39, 2.0.38, 2.0.37, 2.0.36, 2.0.35, 2.0.34, 2.0.33, 2.0.32, 1.10.33, 1.10.32, 1.10.31, 1.10.30, 1.10.29, 1.10.28, 1.10.27, 1.10.26-alpha, 1.10.25-alpha, 1.10.24-alpha, 1.10.23-alpha, 1.10.22-alpha, 1.10.21-alpha, 1.10.20-alpha, 1.10.15-alpha, 1.10.14-alpha, 1.10.8-alpha
39 error notarget This is most likely not a problem with npm itself.
39 error notarget In most cases you or one of your dependencies are requesting
39 error notarget a package version that doesn't exist.
40 verbose exit [ 1, true ]
